{"C:\\Users\\Spencer\\Desktop\\Work\\sdk\\src\\client.ts": {"path":"C:\\Users\\Spencer\\Desktop\\Work\\sdk\\src\\client.ts","statementMap":{"0":{"start":{"line":2,"column":0},"end":{"line":2,"column":56}},"1":{"start":{"line":3,"column":0},"end":{"line":3,"column":34}},"2":{"start":{"line":4,"column":0},"end":{"line":4,"column":39}},"3":{"start":{"line":14,"column":4},"end":{"line":16,"column":null}},"4":{"start":{"line":15,"column":6},"end":{"line":15,"column":48}},"5":{"start":{"line":17,"column":4},"end":{"line":17,"column":26}},"6":{"start":{"line":19,"column":4},"end":{"line":19,"column":52}},"7":{"start":{"line":20,"column":4},"end":{"line":20,"column":48}},"8":{"start":{"line":21,"column":4},"end":{"line":21,"column":21}},"9":{"start":{"line":25,"column":4},"end":{"line":29,"column":null}},"10":{"start":{"line":26,"column":6},"end":{"line":28,"column":15}},"11":{"start":{"line":27,"column":49},"end":{"line":27,"column":52}},"12":{"start":{"line":30,"column":4},"end":{"line":30,"column":11}},"13":{"start":{"line":8,"column":0},"end":{"line":8,"column":13}}},"fnMap":{"0":{"name":"(anonymous_0)","decl":{"start":{"line":13,"column":2},"end":{"line":13,"column":14}},"loc":{"start":{"line":13,"column":35},"end":{"line":22,"column":3}}},"1":{"name":"(anonymous_1)","decl":{"start":{"line":24,"column":12},"end":{"line":24,"column":17}},"loc":{"start":{"line":24,"column":27},"end":{"line":31,"column":3}}},"2":{"name":"(anonymous_2)","decl":{"start":{"line":27,"column":42},"end":{"line":27,"column":45}},"loc":{"start":{"line":27,"column":49},"end":{"line":27,"column":52}}}},"branchMap":{"0":{"loc":{"start":{"line":14,"column":4},"end":{"line":16,"column":null}},"type":"if","locations":[{"start":{"line":14,"column":4},"end":{"line":16,"column":null}}]},"1":{"loc":{"start":{"line":25,"column":4},"end":{"line":29,"column":null}},"type":"if","locations":[{"start":{"line":25,"column":4},"end":{"line":29,"column":null}}]},"2":{"loc":{"start":{"line":25,"column":8},"end":{"line":25,"column":71}},"type":"binary-expr","locations":[{"start":{"line":25,"column":8},"end":{"line":25,"column":32}},{"start":{"line":25,"column":36},"end":{"line":25,"column":71}}]},"3":{"loc":{"start":{"line":26,"column":13},"end":{"line":28,"column":14}},"type":"cond-expr","locations":[{"start":{"line":27,"column":10},"end":{"line":27,"column":53}},{"start":{"line":28,"column":10},"end":{"line":28,"column":14}}]}},"s":{"0":2,"1":2,"2":2,"3":7,"4":1,"5":6,"6":6,"7":6,"8":6,"9":6,"10":1,"11":0,"12":5,"13":2},"f":{"0":7,"1":6,"2":0},"b":{"0":[1],"1":[1],"2":[6,1],"3":[0,1]}}
,"C:\\Users\\Spencer\\Desktop\\Work\\sdk\\src\\index.ts": {"path":"C:\\Users\\Spencer\\Desktop\\Work\\sdk\\src\\index.ts","statementMap":{"0":{"start":{"line":1,"column":0},"end":{"line":1,"column":29}},"1":{"start":{"line":2,"column":0},"end":{"line":2,"column":24}},"2":{"start":{"line":3,"column":0},"end":{"line":3,"column":38}},"3":{"start":{"line":4,"column":0},"end":{"line":4,"column":25}}},"fnMap":{},"branchMap":{},"s":{"0":2,"1":2,"2":2,"3":2},"f":{},"b":{}}
,"C:\\Users\\Spencer\\Desktop\\Work\\sdk\\src\\api\\baseApi.ts": {"path":"C:\\Users\\Spencer\\Desktop\\Work\\sdk\\src\\api\\baseApi.ts","statementMap":{"0":{"start":{"line":8,"column":4},"end":{"line":8,"column":36}},"1":{"start":{"line":3,"column":0},"end":{"line":3,"column":13}}},"fnMap":{"0":{"name":"(anonymous_0)","decl":{"start":{"line":7,"column":2},"end":{"line":7,"column":14}},"loc":{"start":{"line":7,"column":37},"end":{"line":9,"column":3}}}},"branchMap":{},"s":{"0":6,"1":2},"f":{"0":6},"b":{}}
,"C:\\Users\\Spencer\\Desktop\\Work\\sdk\\src\\api\\index.ts": {"path":"C:\\Users\\Spencer\\Desktop\\Work\\sdk\\src\\api\\index.ts","statementMap":{"0":{"start":{"line":1,"column":0},"end":{"line":1,"column":26}},"1":{"start":{"line":2,"column":0},"end":{"line":2,"column":24}}},"fnMap":{},"branchMap":{},"s":{"0":2,"1":2},"f":{},"b":{}}
,"C:\\Users\\Spencer\\Desktop\\Work\\sdk\\src\\api\\users\\index.ts": {"path":"C:\\Users\\Spencer\\Desktop\\Work\\sdk\\src\\api\\users\\index.ts","statementMap":{"0":{"start":{"line":1,"column":0},"end":{"line":1,"column":37}},"1":{"start":{"line":12,"column":19},"end":{"line":12,"column":43}},"2":{"start":{"line":18,"column":18},"end":{"line":34,"column":4}},"3":{"start":{"line":19,"column":21},"end":{"line":21,"column":null}},"4":{"start":{"line":24,"column":15},"end":{"line":24,"column":38}},"5":{"start":{"line":25,"column":4},"end":{"line":27,"column":null}},"6":{"start":{"line":26,"column":6},"end":{"line":26,"column":49}},"7":{"start":{"line":29,"column":4},"end":{"line":31,"column":null}},"8":{"start":{"line":30,"column":6},"end":{"line":30,"column":56}},"9":{"start":{"line":33,"column":4},"end":{"line":33,"column":16}},"10":{"start":{"line":41,"column":4},"end":{"line":44,"column":8}},"11":{"start":{"line":42,"column":6},"end":{"line":44,"column":8}},"12":{"start":{"line":46,"column":21},"end":{"line":49,"column":null}},"13":{"start":{"line":51,"column":15},"end":{"line":51,"column":40}},"14":{"start":{"line":52,"column":4},"end":{"line":52,"column":16}},"15":{"start":{"line":60,"column":24},"end":{"line":68,"column":6}},"16":{"start":{"line":70,"column":4},"end":{"line":73,"column":8}},"17":{"start":{"line":71,"column":6},"end":{"line":73,"column":8}},"18":{"start":{"line":75,"column":4},"end":{"line":79,"column":null}},"19":{"start":{"line":75,"column":38},"end":{"line":75,"column":63}},"20":{"start":{"line":76,"column":6},"end":{"line":78,"column":8}},"21":{"start":{"line":80,"column":21},"end":{"line":83,"column":null}},"22":{"start":{"line":85,"column":15},"end":{"line":85,"column":32}},"23":{"start":{"line":86,"column":4},"end":{"line":86,"column":16}},"24":{"start":{"line":94,"column":4},"end":{"line":97,"column":8}},"25":{"start":{"line":95,"column":6},"end":{"line":97,"column":8}},"26":{"start":{"line":98,"column":21},"end":{"line":101,"column":null}},"27":{"start":{"line":103,"column":15},"end":{"line":103,"column":38}},"28":{"start":{"line":104,"column":4},"end":{"line":106,"column":null}},"29":{"start":{"line":105,"column":6},"end":{"line":105,"column":49}},"30":{"start":{"line":107,"column":4},"end":{"line":107,"column":16}},"31":{"start":{"line":11,"column":0},"end":{"line":11,"column":13}}},"fnMap":{"0":{"name":"(anonymous_0)","decl":{"start":{"line":11,"column":0},"end":{"line":11,"column":13}},"loc":{"start":{"line":11,"column":0},"end":{"line":109,"column":1}}},"1":{"name":"(anonymous_1)","decl":{"start":{"line":18,"column":35},"end":{"line":18,"column":40}},"loc":{"start":{"line":18,"column":46},"end":{"line":34,"column":3}}},"2":{"name":"(anonymous_2)","decl":{"start":{"line":40,"column":2},"end":{"line":40,"column":7}},"loc":{"start":{"line":40,"column":38},"end":{"line":53,"column":3}}},"3":{"name":"(anonymous_3)","decl":{"start":{"line":59,"column":2},"end":{"line":59,"column":7}},"loc":{"start":{"line":59,"column":38},"end":{"line":87,"column":3}}},"4":{"name":"(anonymous_4)","decl":{"start":{"line":75,"column":33},"end":{"line":75,"column":34}},"loc":{"start":{"line":75,"column":38},"end":{"line":75,"column":63}}},"5":{"name":"(anonymous_5)","decl":{"start":{"line":93,"column":2},"end":{"line":93,"column":7}},"loc":{"start":{"line":93,"column":32},"end":{"line":108,"column":3}}}},"branchMap":{"0":{"loc":{"start":{"line":25,"column":4},"end":{"line":27,"column":null}},"type":"if","locations":[{"start":{"line":25,"column":4},"end":{"line":27,"column":null}}]},"1":{"loc":{"start":{"line":29,"column":4},"end":{"line":31,"column":null}},"type":"if","locations":[{"start":{"line":29,"column":4},"end":{"line":31,"column":null}}]},"2":{"loc":{"start":{"line":29,"column":8},"end":{"line":29,"column":27}},"type":"binary-expr","locations":[{"start":{"line":29,"column":8},"end":{"line":29,"column":12}},{"start":{"line":29,"column":16},"end":{"line":29,"column":27}}]},"3":{"loc":{"start":{"line":41,"column":4},"end":{"line":44,"column":8}},"type":"if","locations":[{"start":{"line":41,"column":4},"end":{"line":44,"column":8}}]},"4":{"loc":{"start":{"line":41,"column":8},"end":{"line":41,"column":52}},"type":"binary-expr","locations":[{"start":{"line":41,"column":8},"end":{"line":41,"column":13}},{"start":{"line":41,"column":18},"end":{"line":41,"column":22}},{"start":{"line":41,"column":26},"end":{"line":41,"column":51}}]},"5":{"loc":{"start":{"line":70,"column":4},"end":{"line":73,"column":8}},"type":"if","locations":[{"start":{"line":70,"column":4},"end":{"line":73,"column":8}}]},"6":{"loc":{"start":{"line":70,"column":8},"end":{"line":70,"column":52}},"type":"binary-expr","locations":[{"start":{"line":70,"column":8},"end":{"line":70,"column":13}},{"start":{"line":70,"column":18},"end":{"line":70,"column":22}},{"start":{"line":70,"column":26},"end":{"line":70,"column":51}}]},"7":{"loc":{"start":{"line":75,"column":4},"end":{"line":79,"column":null}},"type":"if","locations":[{"start":{"line":75,"column":4},"end":{"line":79,"column":null}}]},"8":{"loc":{"start":{"line":94,"column":4},"end":{"line":97,"column":8}},"type":"if","locations":[{"start":{"line":94,"column":4},"end":{"line":97,"column":8}}]},"9":{"loc":{"start":{"line":94,"column":8},"end":{"line":94,"column":52}},"type":"binary-expr","locations":[{"start":{"line":94,"column":8},"end":{"line":94,"column":13}},{"start":{"line":94,"column":18},"end":{"line":94,"column":22}},{"start":{"line":94,"column":26},"end":{"line":94,"column":51}}]},"10":{"loc":{"start":{"line":104,"column":4},"end":{"line":106,"column":null}},"type":"if","locations":[{"start":{"line":104,"column":4},"end":{"line":106,"column":null}}]}},"s":{"0":2,"1":6,"2":6,"3":0,"4":0,"5":0,"6":0,"7":0,"8":0,"9":0,"10":0,"11":0,"12":0,"13":0,"14":0,"15":1,"16":1,"17":0,"18":1,"19":2,"20":0,"21":1,"22":1,"23":1,"24":4,"25":1,"26":3,"27":3,"28":3,"29":3,"30":3,"31":2},"f":{"0":6,"1":0,"2":0,"3":1,"4":2,"5":4},"b":{"0":[0],"1":[0],"2":[0,0],"3":[0],"4":[0,0,0],"5":[0],"6":[1,1,1],"7":[0],"8":[1],"9":[4,4,4],"10":[3]}}
,"C:\\Users\\Spencer\\Desktop\\Work\\sdk\\src\\functions\\index.ts": {"path":"C:\\Users\\Spencer\\Desktop\\Work\\sdk\\src\\functions\\index.ts","statementMap":{"0":{"start":{"line":1,"column":0},"end":{"line":1,"column":27}}},"fnMap":{},"branchMap":{},"s":{"0":2},"f":{},"b":{}}
,"C:\\Users\\Spencer\\Desktop\\Work\\sdk\\src\\functions\\isApikey.ts": {"path":"C:\\Users\\Spencer\\Desktop\\Work\\sdk\\src\\functions\\isApikey.ts","statementMap":{"0":{"start":{"line":7,"column":2},"end":{"line":7,"column":62}},"1":{"start":{"line":6,"column":0},"end":{"line":6,"column":16}}},"fnMap":{"0":{"name":"isApikey","decl":{"start":{"line":6,"column":16},"end":{"line":6,"column":24}},"loc":{"start":{"line":6,"column":38},"end":{"line":8,"column":1}}}},"branchMap":{"0":{"loc":{"start":{"line":7,"column":9},"end":{"line":7,"column":61}},"type":"binary-expr","locations":[{"start":{"line":7,"column":9},"end":{"line":7,"column":28}},{"start":{"line":7,"column":32},"end":{"line":7,"column":61}}]}},"s":{"0":1,"1":2},"f":{"0":1},"b":{"0":[1,1]}}
,"C:\\Users\\Spencer\\Desktop\\Work\\sdk\\src\\interfaces\\index.ts": {"path":"C:\\Users\\Spencer\\Desktop\\Work\\sdk\\src\\interfaces\\index.ts","statementMap":{"0":{"start":{"line":1,"column":0},"end":{"line":1,"column":25}},"1":{"start":{"line":2,"column":0},"end":{"line":2,"column":21}},"2":{"start":{"line":3,"column":0},"end":{"line":3,"column":33}},"3":{"start":{"line":4,"column":0},"end":{"line":4,"column":22}}},"fnMap":{},"branchMap":{},"s":{"0":2,"1":2,"2":2,"3":2},"f":{},"b":{}}
,"C:\\Users\\Spencer\\Desktop\\Work\\sdk\\src\\net\\defaultRequestOptions.ts": {"path":"C:\\Users\\Spencer\\Desktop\\Work\\sdk\\src\\net\\defaultRequestOptions.ts","statementMap":{"0":{"start":{"line":3,"column":13},"end":{"line":9,"column":2}},"1":{"start":{"line":11,"column":13},"end":{"line":16,"column":2}}},"fnMap":{},"branchMap":{},"s":{"0":3,"1":3},"f":{},"b":{}}
,"C:\\Users\\Spencer\\Desktop\\Work\\sdk\\src\\net\\fetchHttpClient.ts": {"path":"C:\\Users\\Spencer\\Desktop\\Work\\sdk\\src\\net\\fetchHttpClient.ts","statementMap":{"0":{"start":{"line":2,"column":0},"end":{"line":2,"column":45}},"1":{"start":{"line":3,"column":0},"end":{"line":3,"column":61}},"2":{"start":{"line":16,"column":0},"end":{"line":16,"column":62}},"3":{"start":{"line":25,"column":4},"end":{"line":25,"column":12}},"4":{"start":{"line":20,"column":10},"end":{"line":20,"column":40}},"5":{"start":{"line":27,"column":4},"end":{"line":27,"column":24}},"6":{"start":{"line":28,"column":4},"end":{"line":46,"column":null}},"7":{"start":{"line":29,"column":20},"end":{"line":35,"column":26}},"8":{"start":{"line":37,"column":6},"end":{"line":37,"column":28}},"9":{"start":{"line":38,"column":6},"end":{"line":38,"column":30}},"10":{"start":{"line":39,"column":6},"end":{"line":45,"column":null}},"11":{"start":{"line":41,"column":10},"end":{"line":41,"column":39}},"12":{"start":{"line":42,"column":10},"end":{"line":42,"column":16}},"13":{"start":{"line":44,"column":10},"end":{"line":44,"column":39}},"14":{"start":{"line":50,"column":4},"end":{"line":57,"column":null}},"15":{"start":{"line":51,"column":6},"end":{"line":51,"column":39}},"16":{"start":{"line":53,"column":6},"end":{"line":56,"column":26}},"17":{"start":{"line":65,"column":4},"end":{"line":65,"column":71}},"18":{"start":{"line":70,"column":4},"end":{"line":70,"column":19}},"19":{"start":{"line":84,"column":4},"end":{"line":86,"column":null}},"20":{"start":{"line":85,"column":6},"end":{"line":85,"column":44}},"21":{"start":{"line":88,"column":44},"end":{"line":88,"column":61}},"22":{"start":{"line":89,"column":4},"end":{"line":89,"column":39}},"23":{"start":{"line":90,"column":4},"end":{"line":99,"column":6}},"24":{"start":{"line":123,"column":19},"end":{"line":123,"column":39}},"25":{"start":{"line":124,"column":16},"end":{"line":124,"column":79}},"26":{"start":{"line":125,"column":4},"end":{"line":125,"column":20}},"27":{"start":{"line":127,"column":20},"end":{"line":127,"column":31}},"28":{"start":{"line":130,"column":6},"end":{"line":130,"column":62}},"29":{"start":{"line":131,"column":17},"end":{"line":131,"column":67}},"30":{"start":{"line":133,"column":23},"end":{"line":136,"column":6}},"31":{"start":{"line":138,"column":4},"end":{"line":140,"column":null}},"32":{"start":{"line":139,"column":6},"end":{"line":139,"column":47}},"33":{"start":{"line":142,"column":25},"end":{"line":142,"column":57}},"34":{"start":{"line":159,"column":27},"end":{"line":164,"column":6}},"35":{"start":{"line":160,"column":6},"end":{"line":163,"column":18}},"36":{"start":{"line":161,"column":8},"end":{"line":161,"column":32}},"37":{"start":{"line":162,"column":8},"end":{"line":162,"column":46}},"38":{"start":{"line":166,"column":4},"end":{"line":174,"column":9}},"39":{"start":{"line":168,"column":8},"end":{"line":168,"column":60}},"40":{"start":{"line":171,"column":8},"end":{"line":173,"column":null}},"41":{"start":{"line":172,"column":10},"end":{"line":172,"column":41}},"42":{"start":{"line":18,"column":0},"end":{"line":18,"column":13}},"43":{"start":{"line":185,"column":4},"end":{"line":188,"column":6}},"44":{"start":{"line":189,"column":4},"end":{"line":189,"column":20}},"45":{"start":{"line":193,"column":4},"end":{"line":193,"column":21}},"46":{"start":{"line":204,"column":4},"end":{"line":204,"column":29}},"47":{"start":{"line":207,"column":4},"end":{"line":207,"column":26}},"48":{"start":{"line":211,"column":4},"end":{"line":211,"column":28}},"49":{"start":{"line":217,"column":40},"end":{"line":217,"column":42}},"50":{"start":{"line":219,"column":4},"end":{"line":227,"column":null}},"51":{"start":{"line":220,"column":6},"end":{"line":224,"column":null}},"52":{"start":{"line":221,"column":8},"end":{"line":223,"column":10}},"53":{"start":{"line":226,"column":6},"end":{"line":226,"column":38}},"54":{"start":{"line":229,"column":4},"end":{"line":229,"column":22}},"55":{"start":{"line":178,"column":0},"end":{"line":178,"column":13}}},"fnMap":{"0":{"name":"(anonymous_1)","decl":{"start":{"line":24,"column":2},"end":{"line":24,"column":14}},"loc":{"start":{"line":24,"column":36},"end":{"line":47,"column":3}}},"1":{"name":"(anonymous_2)","decl":{"start":{"line":49,"column":2},"end":{"line":49,"column":10}},"loc":{"start":{"line":49,"column":24},"end":{"line":58,"column":3}}},"2":{"name":"(anonymous_3)","decl":{"start":{"line":64,"column":2},"end":{"line":64,"column":15}},"loc":{"start":{"line":64,"column":39},"end":{"line":66,"column":3}}},"3":{"name":"(anonymous_4)","decl":{"start":{"line":69,"column":2},"end":{"line":69,"column":15}},"loc":{"start":{"line":69,"column":15},"end":{"line":71,"column":3}}},"4":{"name":"(anonymous_5)","decl":{"start":{"line":79,"column":2},"end":{"line":79,"column":24}},"loc":{"start":{"line":82,"column":34},"end":{"line":100,"column":3}}},"5":{"name":"(anonymous_6)","decl":{"start":{"line":113,"column":2},"end":{"line":113,"column":13}},"loc":{"start":{"line":121,"column":19},"end":{"line":175,"column":3}}},"6":{"name":"(anonymous_7)","decl":{"start":{"line":159,"column":39},"end":{"line":159,"column":40}},"loc":{"start":{"line":159,"column":53},"end":{"line":164,"column":5}}},"7":{"name":"(anonymous_8)","decl":{"start":{"line":160,"column":36},"end":{"line":160,"column":39}},"loc":{"start":{"line":160,"column":41},"end":{"line":163,"column":7}}},"8":{"name":"(anonymous_9)","decl":{"start":{"line":167,"column":12},"end":{"line":167,"column":15}},"loc":{"start":{"line":167,"column":18},"end":{"line":169,"column":7}}},"9":{"name":"(anonymous_10)","decl":{"start":{"line":170,"column":15},"end":{"line":170,"column":18}},"loc":{"start":{"line":170,"column":20},"end":{"line":174,"column":7}}},"10":{"name":"(anonymous_11)","decl":{"start":{"line":184,"column":2},"end":{"line":184,"column":14}},"loc":{"start":{"line":184,"column":27},"end":{"line":190,"column":3}}},"11":{"name":"(anonymous_12)","decl":{"start":{"line":192,"column":2},"end":{"line":192,"column":16}},"loc":{"start":{"line":192,"column":16},"end":{"line":194,"column":3}}},"12":{"name":"(anonymous_13)","decl":{"start":{"line":196,"column":2},"end":{"line":196,"column":10}},"loc":{"start":{"line":197,"column":38},"end":{"line":208,"column":3}}},"13":{"name":"(anonymous_14)","decl":{"start":{"line":210,"column":2},"end":{"line":210,"column":8}},"loc":{"start":{"line":210,"column":8},"end":{"line":212,"column":3}}},"14":{"name":"(anonymous_15)","decl":{"start":{"line":214,"column":2},"end":{"line":214,"column":8}},"loc":{"start":{"line":214,"column":51},"end":{"line":230,"column":3}}}},"branchMap":{"0":{"loc":{"start":{"line":28,"column":4},"end":{"line":46,"column":null}},"type":"if","locations":[{"start":{"line":28,"column":4},"end":{"line":46,"column":null}}]},"1":{"loc":{"start":{"line":31,"column":10},"end":{"line":33,"column":null}},"type":"cond-expr","locations":[{"start":{"line":32,"column":14},"end":{"line":32,"column":44}},{"start":{"line":33,"column":14},"end":{"line":33,"column":null}}]},"2":{"loc":{"start":{"line":31,"column":10},"end":{"line":31,"column":61}},"type":"binary-expr","locations":[{"start":{"line":31,"column":10},"end":{"line":31,"column":28}},{"start":{"line":31,"column":32},"end":{"line":31,"column":61}}]},"3":{"loc":{"start":{"line":39,"column":6},"end":{"line":45,"column":null}},"type":"switch","locations":[{"start":{"line":40,"column":8},"end":{"line":42,"column":16}},{"start":{"line":43,"column":8},"end":{"line":44,"column":39}}]},"4":{"loc":{"start":{"line":50,"column":4},"end":{"line":57,"column":null}},"type":"if","locations":[{"start":{"line":50,"column":4},"end":{"line":57,"column":null}}]},"5":{"loc":{"start":{"line":84,"column":4},"end":{"line":86,"column":null}},"type":"if","locations":[{"start":{"line":84,"column":4},"end":{"line":86,"column":null}}]},"6":{"loc":{"start":{"line":89,"column":11},"end":{"line":89,"column":38}},"type":"cond-expr","locations":[{"start":{"line":89,"column":18},"end":{"line":89,"column":33}},{"start":{"line":89,"column":36},"end":{"line":89,"column":38}}]},"7":{"loc":{"start":{"line":124,"column":33},"end":{"line":124,"column":58}},"type":"cond-expr","locations":[{"start":{"line":124,"column":42},"end":{"line":124,"column":49}},{"start":{"line":124,"column":52},"end":{"line":124,"column":58}}]},"8":{"loc":{"start":{"line":130,"column":6},"end":{"line":130,"column":62}},"type":"binary-expr","locations":[{"start":{"line":130,"column":6},"end":{"line":130,"column":22}},{"start":{"line":130,"column":26},"end":{"line":130,"column":41}},{"start":{"line":130,"column":45},"end":{"line":130,"column":62}}]},"9":{"loc":{"start":{"line":131,"column":17},"end":{"line":131,"column":67}},"type":"binary-expr","locations":[{"start":{"line":131,"column":17},"end":{"line":131,"column":28}},{"start":{"line":131,"column":33},"end":{"line":131,"column":66}}]},"10":{"loc":{"start":{"line":131,"column":33},"end":{"line":131,"column":66}},"type":"cond-expr","locations":[{"start":{"line":131,"column":52},"end":{"line":131,"column":54}},{"start":{"line":131,"column":57},"end":{"line":131,"column":66}}]},"11":{"loc":{"start":{"line":138,"column":4},"end":{"line":140,"column":null}},"type":"if","locations":[{"start":{"line":138,"column":4},"end":{"line":140,"column":null}}]},"12":{"loc":{"start":{"line":171,"column":8},"end":{"line":173,"column":null}},"type":"if","locations":[{"start":{"line":171,"column":8},"end":{"line":173,"column":null}}]},"13":{"loc":{"start":{"line":220,"column":6},"end":{"line":224,"column":null}},"type":"if","locations":[{"start":{"line":220,"column":6},"end":{"line":224,"column":null}}]},"14":{"loc":{"start":{"line":220,"column":10},"end":{"line":220,"column":52}},"type":"binary-expr","locations":[{"start":{"line":220,"column":10},"end":{"line":220,"column":31}},{"start":{"line":220,"column":35},"end":{"line":220,"column":52}}]}},"s":{"0":3,"1":3,"2":3,"3":7,"4":7,"5":7,"6":7,"7":6,"8":6,"9":6,"10":6,"11":6,"12":6,"13":0,"14":3,"15":3,"16":3,"17":0,"18":0,"19":4,"20":0,"21":4,"22":4,"23":4,"24":5,"25":5,"26":5,"27":5,"28":5,"29":5,"30":5,"31":5,"32":4,"33":5,"34":5,"35":5,"36":0,"37":0,"38":5,"39":5,"40":5,"41":5,"42":3,"43":5,"44":5,"45":1,"46":0,"47":0,"48":5,"49":5,"50":5,"51":96,"52":0,"53":96,"54":5,"55":3},"f":{"0":7,"1":3,"2":0,"3":0,"4":4,"5":5,"6":5,"7":0,"8":5,"9":5,"10":5,"11":1,"12":0,"13":5,"14":5},"b":{"0":[6],"1":[1,5],"2":[6,1],"3":[6,0],"4":[3],"5":[0],"6":[4,0],"7":[1,4],"8":[5,1,1],"9":[5,1],"10":[0,1],"11":[4],"12":[5],"13":[0],"14":[96,96]}}
,"C:\\Users\\Spencer\\Desktop\\Work\\sdk\\src\\net\\httpClient.ts": {"path":"C:\\Users\\Spencer\\Desktop\\Work\\sdk\\src\\net\\httpClient.ts","statementMap":{"0":{"start":{"line":27,"column":4},"end":{"line":27,"column":54}},"1":{"start":{"line":40,"column":4},"end":{"line":40,"column":52}},"2":{"start":{"line":45,"column":37},"end":{"line":46,"column":null}},"3":{"start":{"line":48,"column":4},"end":{"line":48,"column":52}},"4":{"start":{"line":49,"column":4},"end":{"line":49,"column":22}},"5":{"start":{"line":21,"column":0},"end":{"line":21,"column":13}},"6":{"start":{"line":54,"column":0},"end":{"line":54,"column":67}},"7":{"start":{"line":55,"column":0},"end":{"line":55,"column":44}},"8":{"start":{"line":62,"column":4},"end":{"line":62,"column":34}},"9":{"start":{"line":63,"column":4},"end":{"line":63,"column":28}},"10":{"start":{"line":67,"column":4},"end":{"line":67,"column":28}},"11":{"start":{"line":71,"column":4},"end":{"line":71,"column":25}},"12":{"start":{"line":75,"column":4},"end":{"line":75,"column":55}},"13":{"start":{"line":79,"column":4},"end":{"line":79,"column":49}},"14":{"start":{"line":83,"column":4},"end":{"line":83,"column":47}},"15":{"start":{"line":57,"column":0},"end":{"line":57,"column":13}}},"fnMap":{"0":{"name":"(anonymous_0)","decl":{"start":{"line":26,"column":2},"end":{"line":26,"column":15}},"loc":{"start":{"line":26,"column":15},"end":{"line":28,"column":3}}},"1":{"name":"(anonymous_1)","decl":{"start":{"line":30,"column":2},"end":{"line":30,"column":13}},"loc":{"start":{"line":38,"column":19},"end":{"line":41,"column":3}}},"2":{"name":"(anonymous_2)","decl":{"start":{"line":44,"column":2},"end":{"line":44,"column":8}},"loc":{"start":{"line":44,"column":25},"end":{"line":50,"column":3}}},"3":{"name":"(anonymous_3)","decl":{"start":{"line":61,"column":2},"end":{"line":61,"column":14}},"loc":{"start":{"line":61,"column":58},"end":{"line":64,"column":3}}},"4":{"name":"(anonymous_4)","decl":{"start":{"line":66,"column":2},"end":{"line":66,"column":15}},"loc":{"start":{"line":66,"column":15},"end":{"line":68,"column":3}}},"5":{"name":"(anonymous_5)","decl":{"start":{"line":70,"column":2},"end":{"line":70,"column":12}},"loc":{"start":{"line":70,"column":12},"end":{"line":72,"column":3}}},"6":{"name":"(anonymous_6)","decl":{"start":{"line":74,"column":2},"end":{"line":74,"column":16}},"loc":{"start":{"line":74,"column":16},"end":{"line":76,"column":3}}},"7":{"name":"(anonymous_7)","decl":{"start":{"line":78,"column":2},"end":{"line":78,"column":10}},"loc":{"start":{"line":78,"column":45},"end":{"line":80,"column":3}}},"8":{"name":"(anonymous_8)","decl":{"start":{"line":82,"column":2},"end":{"line":82,"column":8}},"loc":{"start":{"line":82,"column":8},"end":{"line":84,"column":3}}}},"branchMap":{},"s":{"0":0,"1":0,"2":0,"3":0,"4":0,"5":3,"6":3,"7":3,"8":5,"9":5,"10":1,"11":1,"12":0,"13":0,"14":0,"15":3},"f":{"0":0,"1":0,"2":0,"3":5,"4":1,"5":1,"6":0,"7":0,"8":0},"b":{}}
}
