TN:
SF:src\client.ts
FN:13,(anonymous_0)
FN:24,(anonymous_1)
FN:27,(anonymous_2)
FNF:3
FNH:2
FNDA:7,(anonymous_0)
FNDA:6,(anonymous_1)
FNDA:0,(anonymous_2)
DA:2,2
DA:3,2
DA:4,2
DA:8,2
DA:14,7
DA:15,1
DA:17,6
DA:19,6
DA:20,6
DA:21,6
DA:25,6
DA:26,1
DA:27,0
DA:30,5
LF:14
LH:13
BRDA:14,0,0,1
BRDA:25,1,0,1
BRDA:25,2,0,6
BRDA:25,2,1,1
BRDA:26,3,0,0
BRDA:26,3,1,1
BRF:6
BRH:5
end_of_record
TN:
SF:src\index.ts
FNF:0
FNH:0
DA:1,2
DA:2,2
DA:3,2
DA:4,2
LF:4
LH:4
BRF:0
BRH:0
end_of_record
TN:
SF:src\api\baseApi.ts
FN:7,(anonymous_0)
FNF:1
FNH:1
FNDA:6,(anonymous_0)
DA:3,2
DA:8,6
LF:2
LH:2
BRF:0
BRH:0
end_of_record
TN:
SF:src\api\index.ts
FNF:0
FNH:0
DA:1,2
DA:2,2
LF:2
LH:2
BRF:0
BRH:0
end_of_record
TN:
SF:src\api\users\index.ts
FN:11,(anonymous_0)
FN:18,(anonymous_1)
FN:40,(anonymous_2)
FN:59,(anonymous_3)
FN:75,(anonymous_4)
FN:93,(anonymous_5)
FNF:6
FNH:4
FNDA:6,(anonymous_0)
FNDA:0,(anonymous_1)
FNDA:0,(anonymous_2)
FNDA:1,(anonymous_3)
FNDA:2,(anonymous_4)
FNDA:4,(anonymous_5)
DA:1,2
DA:11,2
DA:12,6
DA:18,6
DA:19,0
DA:24,0
DA:25,0
DA:26,0
DA:29,0
DA:30,0
DA:33,0
DA:41,0
DA:42,0
DA:46,0
DA:51,0
DA:52,0
DA:60,1
DA:70,1
DA:71,0
DA:75,2
DA:76,0
DA:80,1
DA:85,1
DA:86,1
DA:94,4
DA:95,1
DA:98,3
DA:103,3
DA:104,3
DA:105,3
DA:107,3
LF:31
LH:17
BRDA:25,0,0,0
BRDA:29,1,0,0
BRDA:29,2,0,0
BRDA:29,2,1,0
BRDA:41,3,0,0
BRDA:41,4,0,0
BRDA:41,4,1,0
BRDA:41,4,2,0
BRDA:70,5,0,0
BRDA:70,6,0,1
BRDA:70,6,1,1
BRDA:70,6,2,1
BRDA:75,7,0,0
BRDA:94,8,0,1
BRDA:94,9,0,4
BRDA:94,9,1,4
BRDA:94,9,2,4
BRDA:104,10,0,3
BRF:18
BRH:8
end_of_record
TN:
SF:src\functions\index.ts
FNF:0
FNH:0
DA:1,2
LF:1
LH:1
BRF:0
BRH:0
end_of_record
TN:
SF:src\functions\isApikey.ts
FN:6,isApikey
FNF:1
FNH:1
FNDA:1,isApikey
DA:6,2
DA:7,1
LF:2
LH:2
BRDA:7,0,0,1
BRDA:7,0,1,1
BRF:2
BRH:2
end_of_record
TN:
SF:src\interfaces\index.ts
FNF:0
FNH:0
DA:1,2
DA:2,2
DA:3,2
DA:4,2
LF:4
LH:4
BRF:0
BRH:0
end_of_record
TN:
SF:src\net\defaultRequestOptions.ts
FNF:0
FNH:0
DA:3,3
DA:11,3
LF:2
LH:2
BRF:0
BRH:0
end_of_record
TN:
SF:src\net\fetchHttpClient.ts
FN:24,(anonymous_1)
FN:49,(anonymous_2)
FN:64,(anonymous_3)
FN:69,(anonymous_4)
FN:79,(anonymous_5)
FN:113,(anonymous_6)
FN:159,(anonymous_7)
FN:160,(anonymous_8)
FN:167,(anonymous_9)
FN:170,(anonymous_10)
FN:184,(anonymous_11)
FN:192,(anonymous_12)
FN:196,(anonymous_13)
FN:210,(anonymous_14)
FN:214,(anonymous_15)
FNF:15
FNH:11
FNDA:7,(anonymous_1)
FNDA:3,(anonymous_2)
FNDA:0,(anonymous_3)
FNDA:0,(anonymous_4)
FNDA:4,(anonymous_5)
FNDA:5,(anonymous_6)
FNDA:5,(anonymous_7)
FNDA:0,(anonymous_8)
FNDA:5,(anonymous_9)
FNDA:5,(anonymous_10)
FNDA:5,(anonymous_11)
FNDA:1,(anonymous_12)
FNDA:0,(anonymous_13)
FNDA:5,(anonymous_14)
FNDA:5,(anonymous_15)
DA:2,3
DA:3,3
DA:16,3
DA:18,3
DA:20,7
DA:25,7
DA:27,7
DA:28,7
DA:29,6
DA:37,6
DA:38,6
DA:39,6
DA:41,6
DA:42,6
DA:44,0
DA:50,3
DA:51,3
DA:53,3
DA:65,0
DA:70,0
DA:84,4
DA:85,0
DA:88,4
DA:89,4
DA:90,4
DA:123,5
DA:124,5
DA:125,5
DA:127,5
DA:130,5
DA:131,5
DA:133,5
DA:138,5
DA:139,4
DA:142,5
DA:159,5
DA:160,5
DA:161,0
DA:162,0
DA:166,5
DA:168,5
DA:171,5
DA:172,5
DA:178,3
DA:185,5
DA:189,5
DA:193,1
DA:204,0
DA:207,0
DA:211,5
DA:217,5
DA:219,5
DA:220,96
DA:221,0
DA:226,96
DA:229,5
LF:56
LH:47
BRDA:28,0,0,6
BRDA:31,1,0,1
BRDA:31,1,1,5
BRDA:31,2,0,6
BRDA:31,2,1,1
BRDA:39,3,0,6
BRDA:39,3,1,0
BRDA:50,4,0,3
BRDA:84,5,0,0
BRDA:89,6,0,4
BRDA:89,6,1,0
BRDA:124,7,0,1
BRDA:124,7,1,4
BRDA:130,8,0,5
BRDA:130,8,1,1
BRDA:130,8,2,1
BRDA:131,9,0,5
BRDA:131,9,1,1
BRDA:131,10,0,0
BRDA:131,10,1,1
BRDA:138,11,0,4
BRDA:171,12,0,5
BRDA:220,13,0,0
BRDA:220,14,0,96
BRDA:220,14,1,96
BRF:25
BRH:20
end_of_record
TN:
SF:src\net\httpClient.ts
FN:26,(anonymous_0)
FN:30,(anonymous_1)
FN:44,(anonymous_2)
FN:61,(anonymous_3)
FN:66,(anonymous_4)
FN:70,(anonymous_5)
FN:74,(anonymous_6)
FN:78,(anonymous_7)
FN:82,(anonymous_8)
FNF:9
FNH:3
FNDA:0,(anonymous_0)
FNDA:0,(anonymous_1)
FNDA:0,(anonymous_2)
FNDA:5,(anonymous_3)
FNDA:1,(anonymous_4)
FNDA:1,(anonymous_5)
FNDA:0,(anonymous_6)
FNDA:0,(anonymous_7)
FNDA:0,(anonymous_8)
DA:21,3
DA:27,0
DA:40,0
DA:45,0
DA:48,0
DA:49,0
DA:54,3
DA:55,3
DA:57,3
DA:62,5
DA:63,5
DA:67,1
DA:71,1
DA:75,0
DA:79,0
DA:83,0
LF:16
LH:8
BRF:0
BRH:0
end_of_record
